# Logfile created on 2014-04-04 14:14:17 -0400 by logger.rb/44203
I, [2014-04-04T14:14:17.477177 #26523]  INFO -- : 0:  rake (10.2.2) from /Users/johnford/.rbenv/versions/2.1.0/lib/ruby/gems/2.1.0/specifications/rake-10.2.2.gemspec
I, [2014-04-04T14:14:17.480784 #26523]  INFO -- : 0:  bcrypt (3.1.7) from /Users/johnford/.rbenv/versions/2.1.0/lib/ruby/gems/2.1.0/specifications/bcrypt-3.1.7.gemspec
I, [2014-04-04T14:14:17.958888 #26523]  INFO -- : 0:  bson (1.10.0) from /Users/johnford/.rbenv/versions/2.1.0/lib/ruby/gems/2.1.0/specifications/bson-1.10.0.gemspec
I, [2014-04-04T14:14:19.895149 #26523]  INFO -- : 0:  bson_ext (1.10.0) from /Users/johnford/.rbenv/versions/2.1.0/lib/ruby/gems/2.1.0/specifications/bson_ext-1.10.0.gemspec
I, [2014-04-04T14:14:19.896376 #26523]  INFO -- : 0:  coderay (1.1.0) from /Users/johnford/.rbenv/versions/2.1.0/lib/ruby/gems/2.1.0/specifications/coderay-1.1.0.gemspec
I, [2014-04-04T14:14:20.267359 #26523]  INFO -- : 0:  daemon_controller (1.2.0) from /Users/johnford/.rbenv/versions/2.1.0/lib/ruby/gems/2.1.0/specifications/daemon_controller-1.2.0.gemspec
I, [2014-04-04T14:14:20.268315 #26523]  INFO -- : 0:  daemons (1.1.9) from /Users/johnford/.rbenv/versions/2.1.0/lib/ruby/gems/2.1.0/specifications/daemons-1.1.9.gemspec
I, [2014-04-04T14:14:20.269124 #26523]  INFO -- : 0:  diff-lcs (1.2.5) from /Users/johnford/.rbenv/versions/2.1.0/lib/ruby/gems/2.1.0/specifications/diff-lcs-1.2.5.gemspec
I, [2014-04-04T14:14:20.271101 #26523]  INFO -- : 0:  eventmachine (1.0.3) from /Users/johnford/.rbenv/versions/2.1.0/lib/ruby/gems/2.1.0/specifications/eventmachine-1.0.3.gemspec
I, [2014-04-04T14:14:20.272006 #26523]  INFO -- : 0:  handlebars-source (1.3.0) from /Users/johnford/.rbenv/versions/2.1.0/lib/ruby/gems/2.1.0/specifications/handlebars-source-1.3.0.gemspec
I, [2014-04-04T14:14:20.272944 #26523]  INFO -- : 0:  libv8 (3.16.14.3) from /Users/johnford/.rbenv/versions/2.1.0/lib/ruby/gems/2.1.0/specifications/libv8-3.16.14.3-x86_64-darwin-12.gemspec
I, [2014-04-04T14:14:20.273671 #26523]  INFO -- : 0:  ref (1.0.5) from /Users/johnford/.rbenv/versions/2.1.0/lib/ruby/gems/2.1.0/specifications/ref-1.0.5.gemspec
I, [2014-04-04T14:14:20.274427 #26523]  INFO -- : 0:  therubyracer (0.12.1) from /Users/johnford/.rbenv/versions/2.1.0/lib/ruby/gems/2.1.0/specifications/therubyracer-0.12.1.gemspec
I, [2014-04-04T14:14:20.275142 #26523]  INFO -- : 0:  handlebars (0.6.0) from /Users/johnford/.rbenv/versions/2.1.0/lib/ruby/gems/2.1.0/specifications/handlebars-0.6.0.gemspec
I, [2014-04-04T14:14:20.275834 #26523]  INFO -- : 0:  mime-types (1.25.1) from /Users/johnford/.rbenv/versions/2.1.0/lib/ruby/gems/2.1.0/specifications/mime-types-1.25.1.gemspec
I, [2014-04-04T14:14:20.276622 #26523]  INFO -- : 0:  polyglot (0.3.4) from /Users/johnford/.rbenv/versions/2.1.0/lib/ruby/gems/2.1.0/specifications/polyglot-0.3.4.gemspec
I, [2014-04-04T14:14:20.277336 #26523]  INFO -- : 0:  treetop (1.4.15) from /Users/johnford/.rbenv/versions/2.1.0/lib/ruby/gems/2.1.0/specifications/treetop-1.4.15.gemspec
I, [2014-04-04T14:14:20.278584 #26523]  INFO -- : 0:  mail (2.5.4) from /Users/johnford/.rbenv/versions/2.1.0/lib/ruby/gems/2.1.0/specifications/mail-2.5.4.gemspec
I, [2014-04-04T14:14:20.279283 #26523]  INFO -- : 0:  method_source (0.8.2) from /Users/johnford/.rbenv/versions/2.1.0/lib/ruby/gems/2.1.0/specifications/method_source-0.8.2.gemspec
I, [2014-04-04T14:14:21.555413 #26523]  INFO -- : 0:  mongo (1.10.0) from /Users/johnford/.rbenv/versions/2.1.0/lib/ruby/gems/2.1.0/specifications/mongo-1.10.0.gemspec
I, [2014-04-04T14:14:21.557622 #26523]  INFO -- : 0:  rack (1.5.2) from /Users/johnford/.rbenv/versions/2.1.0/lib/ruby/gems/2.1.0/specifications/rack-1.5.2.gemspec
I, [2014-04-04T14:14:47.734865 #26523]  INFO -- : 0:  passenger (4.0.40) from /Users/johnford/.rbenv/versions/2.1.0/lib/ruby/gems/2.1.0/specifications/passenger-4.0.40.gemspec
I, [2014-04-04T14:14:47.740525 #26523]  INFO -- : 0:  pony (1.8) from /Users/johnford/.rbenv/versions/2.1.0/lib/ruby/gems/2.1.0/specifications/pony-1.8.gemspec
I, [2014-04-04T14:14:48.157218 #26523]  INFO -- : 0:  slop (3.5.0) from /Users/johnford/.rbenv/versions/2.1.0/lib/ruby/gems/2.1.0/specifications/slop-3.5.0.gemspec
I, [2014-04-04T14:14:48.158295 #26523]  INFO -- : 0:  pry (0.9.12.6) from /Users/johnford/.rbenv/versions/2.1.0/lib/ruby/gems/2.1.0/specifications/pry-0.9.12.6.gemspec
I, [2014-04-04T14:14:48.159713 #26523]  INFO -- : 0:  rack-cache (1.2) from /Users/johnford/.rbenv/versions/2.1.0/lib/ruby/gems/2.1.0/specifications/rack-cache-1.2.gemspec
I, [2014-04-04T14:14:48.160670 #26523]  INFO -- : 0:  rack-protection (1.5.2) from /Users/johnford/.rbenv/versions/2.1.0/lib/ruby/gems/2.1.0/specifications/rack-protection-1.5.2.gemspec
I, [2014-04-04T14:14:48.161641 #26523]  INFO -- : 0:  rdiscount (2.1.7) from /Users/johnford/.rbenv/versions/2.1.0/lib/ruby/gems/2.1.0/specifications/rdiscount-2.1.7.gemspec
I, [2014-04-04T14:14:48.163037 #26523]  INFO -- : 0:  rspec-core (2.14.8) from /Users/johnford/.rbenv/versions/2.1.0/lib/ruby/gems/2.1.0/specifications/rspec-core-2.14.8.gemspec
I, [2014-04-04T14:14:48.165189 #26523]  INFO -- : 0:  rspec-expectations (2.14.5) from /Users/johnford/.rbenv/versions/2.1.0/lib/ruby/gems/2.1.0/specifications/rspec-expectations-2.14.5.gemspec
I, [2014-04-04T14:14:48.165950 #26523]  INFO -- : 0:  rspec-mocks (2.14.6) from /Users/johnford/.rbenv/versions/2.1.0/lib/ruby/gems/2.1.0/specifications/rspec-mocks-2.14.6.gemspec
I, [2014-04-04T14:14:48.166756 #26523]  INFO -- : 0:  rspec (2.14.1) from /Users/johnford/.rbenv/versions/2.1.0/lib/ruby/gems/2.1.0/specifications/rspec-2.14.1.gemspec
I, [2014-04-04T14:14:48.167665 #26523]  INFO -- : 0:  shotgun (0.9) from /Users/johnford/.rbenv/versions/2.1.0/lib/ruby/gems/2.1.0/specifications/shotgun-0.9.gemspec
I, [2014-04-04T14:14:48.169137 #26523]  INFO -- : 0:  tilt (1.4.1) from /Users/johnford/.rbenv/versions/2.1.0/lib/ruby/gems/2.1.0/specifications/tilt-1.4.1.gemspec
I, [2014-04-04T14:14:48.171050 #26523]  INFO -- : 0:  sinatra (1.4.4) from /Users/johnford/.rbenv/versions/2.1.0/lib/ruby/gems/2.1.0/specifications/sinatra-1.4.4.gemspec
I, [2014-04-04T14:14:49.397953 #26523]  INFO -- : 0:  thin (1.6.2) from /Users/johnford/.rbenv/versions/2.1.0/lib/ruby/gems/2.1.0/specifications/thin-1.6.2.gemspec
I, [2014-04-04T14:14:49.400740 #26523]  INFO -- : 0:  bundler (1.5.1) from /Users/johnford/.rbenv/versions/2.1.0/lib/ruby/gems/2.1.0/specifications/bundler-1.5.1.gemspec
I, [2014-04-05T13:27:32.368775 #49198]  INFO -- : 0:  rake (10.2.2) from /Users/johnford/.rbenv/versions/2.1.0/lib/ruby/gems/2.1.0/specifications/rake-10.2.2.gemspec
I, [2014-04-05T13:27:32.841166 #49198]  INFO -- : 0:  i18n (0.6.9) from /Users/johnford/.rbenv/versions/2.1.0/lib/ruby/gems/2.1.0/specifications/i18n-0.6.9.gemspec
I, [2014-04-05T13:27:32.841856 #49198]  INFO -- : 0:  minitest (4.7.5) from /Users/johnford/.rbenv/versions/2.1.0/lib/ruby/gems/2.1.0/specifications/default/minitest-4.7.5.gemspec
I, [2014-04-05T13:27:33.235343 #49198]  INFO -- : 0:  multi_json (1.9.2) from /Users/johnford/.rbenv/versions/2.1.0/lib/ruby/gems/2.1.0/specifications/multi_json-1.9.2.gemspec
I, [2014-04-05T13:27:34.957499 #49198]  INFO -- : 0:  thread_safe (0.3.2) from /Users/johnford/.rbenv/versions/2.1.0/lib/ruby/gems/2.1.0/specifications/thread_safe-0.3.2.gemspec
I, [2014-04-05T13:27:35.880040 #49198]  INFO -- : 0:  tzinfo (0.3.39) from /Users/johnford/.rbenv/versions/2.1.0/lib/ruby/gems/2.1.0/specifications/tzinfo-0.3.39.gemspec
I, [2014-04-05T13:27:38.346753 #49198]  INFO -- : 0:  activesupport (4.0.4) from /Users/johnford/.rbenv/versions/2.1.0/lib/ruby/gems/2.1.0/specifications/activesupport-4.0.4.gemspec
I, [2014-04-05T13:27:38.762299 #49198]  INFO -- : 0:  builder (3.1.4) from /Users/johnford/.rbenv/versions/2.1.0/lib/ruby/gems/2.1.0/specifications/builder-3.1.4.gemspec
I, [2014-04-05T13:27:39.400204 #49198]  INFO -- : 0:  activemodel (4.0.4) from /Users/johnford/.rbenv/versions/2.1.0/lib/ruby/gems/2.1.0/specifications/activemodel-4.0.4.gemspec
I, [2014-04-05T13:27:39.401005 #49198]  INFO -- : 0:  bcrypt (3.1.7) from /Users/johnford/.rbenv/versions/2.1.0/lib/ruby/gems/2.1.0/specifications/bcrypt-3.1.7.gemspec
I, [2014-04-05T13:27:39.401710 #49198]  INFO -- : 0:  bson (1.10.0) from /Users/johnford/.rbenv/versions/2.1.0/lib/ruby/gems/2.1.0/specifications/bson-1.10.0.gemspec
I, [2014-04-05T13:27:39.403393 #49198]  INFO -- : 0:  bson_ext (1.10.0) from /Users/johnford/.rbenv/versions/2.1.0/lib/ruby/gems/2.1.0/specifications/bson_ext-1.10.0.gemspec
I, [2014-04-05T13:27:39.404075 #49198]  INFO -- : 0:  json (1.8.1) from /Users/johnford/.rbenv/versions/2.1.0/lib/ruby/gems/2.1.0/specifications/default/json-1.8.1.gemspec
I, [2014-04-05T13:27:39.404800 #49198]  INFO -- : 0:  mime-types (1.25.1) from /Users/johnford/.rbenv/versions/2.1.0/lib/ruby/gems/2.1.0/specifications/mime-types-1.25.1.gemspec
I, [2014-04-05T13:27:40.480933 #49198]  INFO -- : 0:  carrierwave (0.10.0) from /Users/johnford/.rbenv/versions/2.1.0/lib/ruby/gems/2.1.0/specifications/carrierwave-0.10.0.gemspec
I, [2014-04-05T13:27:40.481710 #49198]  INFO -- : 0:  coderay (1.1.0) from /Users/johnford/.rbenv/versions/2.1.0/lib/ruby/gems/2.1.0/specifications/coderay-1.1.0.gemspec
I, [2014-04-05T13:27:40.482867 #49198]  INFO -- : 0:  daemon_controller (1.2.0) from /Users/johnford/.rbenv/versions/2.1.0/lib/ruby/gems/2.1.0/specifications/daemon_controller-1.2.0.gemspec
I, [2014-04-05T13:27:40.483561 #49198]  INFO -- : 0:  daemons (1.1.9) from /Users/johnford/.rbenv/versions/2.1.0/lib/ruby/gems/2.1.0/specifications/daemons-1.1.9.gemspec
I, [2014-04-05T13:27:40.484138 #49198]  INFO -- : 0:  diff-lcs (1.2.5) from /Users/johnford/.rbenv/versions/2.1.0/lib/ruby/gems/2.1.0/specifications/diff-lcs-1.2.5.gemspec
I, [2014-04-05T13:27:40.485814 #49198]  INFO -- : 0:  eventmachine (1.0.3) from /Users/johnford/.rbenv/versions/2.1.0/lib/ruby/gems/2.1.0/specifications/eventmachine-1.0.3.gemspec
I, [2014-04-05T13:27:40.486555 #49198]  INFO -- : 0:  handlebars-source (1.3.0) from /Users/johnford/.rbenv/versions/2.1.0/lib/ruby/gems/2.1.0/specifications/handlebars-source-1.3.0.gemspec
I, [2014-04-05T13:27:40.487297 #49198]  INFO -- : 0:  libv8 (3.16.14.3) from /Users/johnford/.rbenv/versions/2.1.0/lib/ruby/gems/2.1.0/specifications/libv8-3.16.14.3-x86_64-darwin-12.gemspec
I, [2014-04-05T13:27:40.487943 #49198]  INFO -- : 0:  ref (1.0.5) from /Users/johnford/.rbenv/versions/2.1.0/lib/ruby/gems/2.1.0/specifications/ref-1.0.5.gemspec
I, [2014-04-05T13:27:40.489007 #49198]  INFO -- : 0:  therubyracer (0.12.1) from /Users/johnford/.rbenv/versions/2.1.0/lib/ruby/gems/2.1.0/specifications/therubyracer-0.12.1.gemspec
I, [2014-04-05T13:27:40.489682 #49198]  INFO -- : 0:  handlebars (0.6.0) from /Users/johnford/.rbenv/versions/2.1.0/lib/ruby/gems/2.1.0/specifications/handlebars-0.6.0.gemspec
I, [2014-04-05T13:27:40.490722 #49198]  INFO -- : 0:  polyglot (0.3.4) from /Users/johnford/.rbenv/versions/2.1.0/lib/ruby/gems/2.1.0/specifications/polyglot-0.3.4.gemspec
I, [2014-04-05T13:27:40.491440 #49198]  INFO -- : 0:  treetop (1.4.15) from /Users/johnford/.rbenv/versions/2.1.0/lib/ruby/gems/2.1.0/specifications/treetop-1.4.15.gemspec
I, [2014-04-05T13:27:40.492564 #49198]  INFO -- : 0:  mail (2.5.4) from /Users/johnford/.rbenv/versions/2.1.0/lib/ruby/gems/2.1.0/specifications/mail-2.5.4.gemspec
I, [2014-04-05T13:27:40.493217 #49198]  INFO -- : 0:  method_source (0.8.2) from /Users/johnford/.rbenv/versions/2.1.0/lib/ruby/gems/2.1.0/specifications/method_source-0.8.2.gemspec
I, [2014-04-05T13:27:40.493996 #49198]  INFO -- : 0:  mongo (1.10.0) from /Users/johnford/.rbenv/versions/2.1.0/lib/ruby/gems/2.1.0/specifications/mongo-1.10.0.gemspec
I, [2014-04-05T13:27:40.495199 #49198]  INFO -- : 0:  rack (1.5.2) from /Users/johnford/.rbenv/versions/2.1.0/lib/ruby/gems/2.1.0/specifications/rack-1.5.2.gemspec
I, [2014-04-05T13:27:40.496463 #49198]  INFO -- : 0:  passenger (4.0.40) from /Users/johnford/.rbenv/versions/2.1.0/lib/ruby/gems/2.1.0/specifications/passenger-4.0.40.gemspec
I, [2014-04-05T13:27:40.500088 #49198]  INFO -- : 0:  pony (1.8) from /Users/johnford/.rbenv/versions/2.1.0/lib/ruby/gems/2.1.0/specifications/pony-1.8.gemspec
I, [2014-04-05T13:27:40.500878 #49198]  INFO -- : 0:  slop (3.5.0) from /Users/johnford/.rbenv/versions/2.1.0/lib/ruby/gems/2.1.0/specifications/slop-3.5.0.gemspec
I, [2014-04-05T13:27:40.501958 #49198]  INFO -- : 0:  pry (0.9.12.6) from /Users/johnford/.rbenv/versions/2.1.0/lib/ruby/gems/2.1.0/specifications/pry-0.9.12.6.gemspec
I, [2014-04-05T13:27:40.503320 #49198]  INFO -- : 0:  rack-cache (1.2) from /Users/johnford/.rbenv/versions/2.1.0/lib/ruby/gems/2.1.0/specifications/rack-cache-1.2.gemspec
I, [2014-04-05T13:27:40.504046 #49198]  INFO -- : 0:  rack-protection (1.5.2) from /Users/johnford/.rbenv/versions/2.1.0/lib/ruby/gems/2.1.0/specifications/rack-protection-1.5.2.gemspec
I, [2014-04-05T13:27:40.504773 #49198]  INFO -- : 0:  rdiscount (2.1.7) from /Users/johnford/.rbenv/versions/2.1.0/lib/ruby/gems/2.1.0/specifications/rdiscount-2.1.7.gemspec
I, [2014-04-05T13:27:40.505949 #49198]  INFO -- : 0:  rspec-core (2.14.8) from /Users/johnford/.rbenv/versions/2.1.0/lib/ruby/gems/2.1.0/specifications/rspec-core-2.14.8.gemspec
I, [2014-04-05T13:27:40.507871 #49198]  INFO -- : 0:  rspec-expectations (2.14.5) from /Users/johnford/.rbenv/versions/2.1.0/lib/ruby/gems/2.1.0/specifications/rspec-expectations-2.14.5.gemspec
I, [2014-04-05T13:27:40.508699 #49198]  INFO -- : 0:  rspec-mocks (2.14.6) from /Users/johnford/.rbenv/versions/2.1.0/lib/ruby/gems/2.1.0/specifications/rspec-mocks-2.14.6.gemspec
I, [2014-04-05T13:27:40.509395 #49198]  INFO -- : 0:  rspec (2.14.1) from /Users/johnford/.rbenv/versions/2.1.0/lib/ruby/gems/2.1.0/specifications/rspec-2.14.1.gemspec
I, [2014-04-05T13:27:40.510098 #49198]  INFO -- : 0:  shotgun (0.9) from /Users/johnford/.rbenv/versions/2.1.0/lib/ruby/gems/2.1.0/specifications/shotgun-0.9.gemspec
I, [2014-04-05T13:27:40.511382 #49198]  INFO -- : 0:  tilt (1.4.1) from /Users/johnford/.rbenv/versions/2.1.0/lib/ruby/gems/2.1.0/specifications/tilt-1.4.1.gemspec
I, [2014-04-05T13:27:40.512691 #49198]  INFO -- : 0:  sinatra (1.4.4) from /Users/johnford/.rbenv/versions/2.1.0/lib/ruby/gems/2.1.0/specifications/sinatra-1.4.4.gemspec
I, [2014-04-05T13:27:40.514318 #49198]  INFO -- : 0:  thin (1.6.2) from /Users/johnford/.rbenv/versions/2.1.0/lib/ruby/gems/2.1.0/specifications/thin-1.6.2.gemspec
I, [2014-04-05T13:27:40.515532 #49198]  INFO -- : 0:  bundler (1.5.1) from /Users/johnford/.rbenv/versions/2.1.0/lib/ruby/gems/2.1.0/specifications/bundler-1.5.1.gemspec
